This file contains any messages produced by compilers while
running configure, to aid debugging if configure makes a mistake.

It was created by xf86-video-mali configure 0.4.2, which was
generated by GNU Autoconf 2.68.  Invocation command line was

  $ ./configure --prefix=/usr

## --------- ##
## Platform. ##
## --------- ##

hostname = odroid
uname -m = armv7l
uname -r = 3.10.33
uname -s = Linux
uname -v = #43 SMP PREEMPT Wed Dec 10 03:24:34 BRST 2014

/usr/bin/uname -p = unknown
/bin/uname -X     = unknown

/bin/arch              = unknown
/usr/bin/arch -k       = unknown
/usr/convex/getsysinfo = unknown
/usr/bin/hostinfo      = unknown
/bin/machine           = unknown
/usr/bin/oslevel       = unknown
/bin/universe          = unknown

PATH: /usr/local/sbin
PATH: /usr/local/bin
PATH: /usr/sbin
PATH: /usr/bin
PATH: /sbin
PATH: /bin
PATH: /usr/games
PATH: /usr/local/games


## ----------- ##
## Core tests. ##
## ----------- ##

configure:2259: checking for a BSD-compatible install
configure:2327: result: /usr/bin/install -c
configure:2338: checking whether build environment is sane
configure:2388: result: yes
configure:2529: checking for a thread-safe mkdir -p
configure:2568: result: /bin/mkdir -p
configure:2581: checking for gawk
configure:2597: found /usr/bin/gawk
configure:2608: result: gawk
configure:2619: checking whether make sets $(MAKE)
configure:2641: result: yes
configure:2722: checking whether to enable maintainer-specific portions of Makefiles
configure:2731: result: no
configure:2769: checking for style of include used by make
configure:2797: result: GNU
configure:2868: checking for gcc
configure:2884: found /usr/bin/gcc
configure:2895: result: gcc
configure:3124: checking for C compiler version
configure:3133: gcc --version >&5
gcc-4.8.real (Ubuntu/Linaro 4.8.2-19ubuntu1) 4.8.2
Copyright (C) 2013 Free Software Foundation, Inc.
This is free software; see the source for copying conditions.  There is NO
warranty; not even for MERCHANTABILITY or FITNESS FOR A PARTICULAR PURPOSE.

configure:3144: $? = 0
configure:3133: gcc -v >&5
Using built-in specs.
COLLECT_GCC=/usr/bin/gcc-4.8.real
COLLECT_LTO_WRAPPER=/usr/lib/gcc/arm-linux-gnueabihf/4.8/lto-wrapper
Target: arm-linux-gnueabihf
Configured with: ../src/configure -v --with-pkgversion='Ubuntu/Linaro 4.8.2-19ubuntu1' --with-bugurl=file:///usr/share/doc/gcc-4.8/README.Bugs --enable-languages=c,c++,java,go,d,fortran,objc,obj-c++ --prefix=/usr --program-suffix=-4.8 --enable-shared --enable-linker-build-id --libexecdir=/usr/lib --without-included-gettext --enable-threads=posix --with-gxx-include-dir=/usr/include/c++/4.8 --libdir=/usr/lib --enable-nls --with-sysroot=/ --enable-clocale=gnu --enable-libstdcxx-debug --enable-libstdcxx-time=yes --enable-gnu-unique-object --disable-libmudflap --disable-libitm --disable-libquadmath --enable-plugin --with-system-zlib --disable-browser-plugin --enable-java-awt=gtk --enable-gtk-cairo --with-java-home=/usr/lib/jvm/java-1.5.0-gcj-4.8-armhf/jre --enable-java-home --with-jvm-root-dir=/usr/lib/jvm/java-1.5.0-gcj-4.8-armhf --with-jvm-jar-dir=/usr/lib/jvm-exports/java-1.5.0-gcj-4.8-armhf --with-arch-directory=arm --with-ecj-jar=/usr/share/java/eclipse-ecj.jar --enable-objc-gc --enable-multiarch --enable-multilib --disable-sjlj-exceptions --with-arch=armv7-a --with-fpu=vfpv3-d16 --with-float=hard --with-mode=thumb --disable-werror --enable-checking=release --build=arm-linux-gnueabihf --host=arm-linux-gnueabihf --target=arm-linux-gnueabihf
Thread model: posix
gcc version 4.8.2 (Ubuntu/Linaro 4.8.2-19ubuntu1) 
configure:3144: $? = 0
configure:3133: gcc -V >&5
gcc-4.8.real: error: unrecognized command line option '-V'
gcc-4.8.real: fatal error: no input files
compilation terminated.
configure:3144: $? = 4
configure:3133: gcc -qversion >&5
gcc-4.8.real: error: unrecognized command line option '-qversion'
gcc-4.8.real: fatal error: no input files
compilation terminated.
configure:3144: $? = 4
configure:3164: checking whether the C compiler works
configure:3186: gcc   -L/usr/lib/arm-linux-gnueabihf/mali-egl conftest.c  >&5
configure:3190: $? = 0
configure:3238: result: yes
configure:3241: checking for C compiler default output file name
configure:3243: result: a.out
configure:3249: checking for suffix of executables
configure:3256: gcc -o conftest   -L/usr/lib/arm-linux-gnueabihf/mali-egl conftest.c  >&5
configure:3260: $? = 0
configure:3282: result: 
configure:3304: checking whether we are cross compiling
configure:3312: gcc -o conftest   -L/usr/lib/arm-linux-gnueabihf/mali-egl conftest.c  >&5
configure:3316: $? = 0
configure:3323: ./conftest
configure:3327: $? = 0
configure:3342: result: no
configure:3347: checking for suffix of object files
configure:3369: gcc -c   conftest.c >&5
configure:3373: $? = 0
configure:3394: result: o
configure:3398: checking whether we are using the GNU C compiler
configure:3417: gcc -c   conftest.c >&5
configure:3417: $? = 0
configure:3426: result: yes
configure:3435: checking whether gcc accepts -g
configure:3455: gcc -c -g  conftest.c >&5
configure:3455: $? = 0
configure:3496: result: yes
configure:3513: checking for gcc option to accept ISO C89
configure:3577: gcc  -c -g -O2  conftest.c >&5
configure:3577: $? = 0
configure:3590: result: none needed
configure:3612: checking dependency style of gcc
configure:3723: result: gcc3
configure:3738: checking for gcc option to accept ISO C99
configure:3887: gcc  -c -g -O2  conftest.c >&5
conftest.c:61:29: error: expected ';', ',' or ')' before 'text'
 test_restrict (ccp restrict text)
                             ^
conftest.c: In function 'main':
conftest.c:115:18: error: expected '=', ',', ';', 'asm' or '__attribute__' before 'newvar'
   char *restrict newvar = "Another string";
                  ^
conftest.c:115:18: error: 'newvar' undeclared (first use in this function)
conftest.c:115:18: note: each undeclared identifier is reported only once for each function it appears in
conftest.c:125:3: error: 'for' loop initial declarations are only allowed in C99 mode
   for (int i = 0; i < ia->datasize; ++i)
   ^
conftest.c:125:3: note: use option -std=c99 or -std=gnu99 to compile your code
configure:3887: $? = 1
configure: failed program was:
| /* confdefs.h */
| #define PACKAGE_NAME "xf86-video-mali"
| #define PACKAGE_TARNAME "xf86-video-mali"
| #define PACKAGE_VERSION "0.4.2"
| #define PACKAGE_STRING "xf86-video-mali 0.4.2"
| #define PACKAGE_BUGREPORT "https://bugs.freedesktop.org/enter_bug.cgi?product=xorg"
| #define PACKAGE_URL ""
| #define PACKAGE "xf86-video-mali"
| #define VERSION "0.4.2"
| /* end confdefs.h.  */
| #include <stdarg.h>
| #include <stdbool.h>
| #include <stdlib.h>
| #include <wchar.h>
| #include <stdio.h>
| 
| // Check varargs macros.  These examples are taken from C99 6.10.3.5.
| #define debug(...) fprintf (stderr, __VA_ARGS__)
| #define showlist(...) puts (#__VA_ARGS__)
| #define report(test,...) ((test) ? puts (#test) : printf (__VA_ARGS__))
| static void
| test_varargs_macros (void)
| {
|   int x = 1234;
|   int y = 5678;
|   debug ("Flag");
|   debug ("X = %d\n", x);
|   showlist (The first, second, and third items.);
|   report (x>y, "x is %d but y is %d", x, y);
| }
| 
| // Check long long types.
| #define BIG64 18446744073709551615ull
| #define BIG32 4294967295ul
| #define BIG_OK (BIG64 / BIG32 == 4294967297ull && BIG64 % BIG32 == 0)
| #if !BIG_OK
|   your preprocessor is broken;
| #endif
| #if BIG_OK
| #else
|   your preprocessor is broken;
| #endif
| static long long int bignum = -9223372036854775807LL;
| static unsigned long long int ubignum = BIG64;
| 
| struct incomplete_array
| {
|   int datasize;
|   double data[];
| };
| 
| struct named_init {
|   int number;
|   const wchar_t *name;
|   double average;
| };
| 
| typedef const char *ccp;
| 
| static inline int
| test_restrict (ccp restrict text)
| {
|   // See if C++-style comments work.
|   // Iterate through items via the restricted pointer.
|   // Also check for declarations in for loops.
|   for (unsigned int i = 0; *(text+i) != '\0'; ++i)
|     continue;
|   return 0;
| }
| 
| // Check varargs and va_copy.
| static void
| test_varargs (const char *format, ...)
| {
|   va_list args;
|   va_start (args, format);
|   va_list args_copy;
|   va_copy (args_copy, args);
| 
|   const char *str;
|   int number;
|   float fnumber;
| 
|   while (*format)
|     {
|       switch (*format++)
| 	{
| 	case 's': // string
| 	  str = va_arg (args_copy, const char *);
| 	  break;
| 	case 'd': // int
| 	  number = va_arg (args_copy, int);
| 	  break;
| 	case 'f': // float
| 	  fnumber = va_arg (args_copy, double);
| 	  break;
| 	default:
| 	  break;
| 	}
|     }
|   va_end (args_copy);
|   va_end (args);
| }
| 
| int
| main ()
| {
| 
|   // Check bool.
|   _Bool success = false;
| 
|   // Check restrict.
|   if (test_restrict ("String literal") == 0)
|     success = true;
|   char *restrict newvar = "Another string";
| 
|   // Check varargs.
|   test_varargs ("s, d' f .", "string", 65, 34.234);
|   test_varargs_macros ();
| 
|   // Check flexible array members.
|   struct incomplete_array *ia =
|     malloc (sizeof (struct incomplete_array) + (sizeof (double) * 10));
|   ia->datasize = 10;
|   for (int i = 0; i < ia->datasize; ++i)
|     ia->data[i] = i * 1.234;
| 
|   // Check named initializers.
|   struct named_init ni = {
|     .number = 34,
|     .name = L"Test wide string",
|     .average = 543.34343,
|   };
| 
|   ni.number = 58;
| 
|   int dynamic_array[ni.number];
|   dynamic_array[ni.number - 1] = 543;
| 
|   // work around unused variable warnings
|   return (!success || bignum == 0LL || ubignum == 0uLL || newvar[0] == 'x'
| 	  || dynamic_array[ni.number - 1] != 543);
| 
|   ;
|   return 0;
| }
configure:3887: gcc -std=gnu99 -c -g -O2  conftest.c >&5
configure:3887: $? = 0
configure:3907: result: -std=gnu99
configure:3921: checking how to run the C preprocessor
configure:3952: gcc -std=gnu99 -E  conftest.c
configure:3952: $? = 0
configure:3966: gcc -std=gnu99 -E  conftest.c
conftest.c:11:28: fatal error: ac_nonexistent.h: No such file or directory
 #include <ac_nonexistent.h>
                            ^
compilation terminated.
configure:3966: $? = 1
configure: failed program was:
| /* confdefs.h */
| #define PACKAGE_NAME "xf86-video-mali"
| #define PACKAGE_TARNAME "xf86-video-mali"
| #define PACKAGE_VERSION "0.4.2"
| #define PACKAGE_STRING "xf86-video-mali 0.4.2"
| #define PACKAGE_BUGREPORT "https://bugs.freedesktop.org/enter_bug.cgi?product=xorg"
| #define PACKAGE_URL ""
| #define PACKAGE "xf86-video-mali"
| #define VERSION "0.4.2"
| /* end confdefs.h.  */
| #include <ac_nonexistent.h>
configure:3991: result: gcc -std=gnu99 -E
configure:4011: gcc -std=gnu99 -E  conftest.c
configure:4011: $? = 0
configure:4025: gcc -std=gnu99 -E  conftest.c
conftest.c:11:28: fatal error: ac_nonexistent.h: No such file or directory
 #include <ac_nonexistent.h>
                            ^
compilation terminated.
configure:4025: $? = 1
configure: failed program was:
| /* confdefs.h */
| #define PACKAGE_NAME "xf86-video-mali"
| #define PACKAGE_TARNAME "xf86-video-mali"
| #define PACKAGE_VERSION "0.4.2"
| #define PACKAGE_STRING "xf86-video-mali 0.4.2"
| #define PACKAGE_BUGREPORT "https://bugs.freedesktop.org/enter_bug.cgi?product=xorg"
| #define PACKAGE_URL ""
| #define PACKAGE "xf86-video-mali"
| #define VERSION "0.4.2"
| /* end confdefs.h.  */
| #include <ac_nonexistent.h>
configure:4054: checking for grep that handles long lines and -e
configure:4112: result: /bin/grep
configure:4117: checking for egrep
configure:4179: result: /bin/grep -E
configure:4184: checking for ANSI C header files
configure:4204: gcc -std=gnu99 -c -g -O2  conftest.c >&5
configure:4204: $? = 0
configure:4277: gcc -std=gnu99 -o conftest -g -O2  -L/usr/lib/arm-linux-gnueabihf/mali-egl conftest.c  >&5
configure:4277: $? = 0
configure:4277: ./conftest
configure:4277: $? = 0
configure:4288: result: yes
configure:4301: checking for sys/types.h
configure:4301: gcc -std=gnu99 -c -g -O2  conftest.c >&5
configure:4301: $? = 0
configure:4301: result: yes
configure:4301: checking for sys/stat.h
configure:4301: gcc -std=gnu99 -c -g -O2  conftest.c >&5
configure:4301: $? = 0
configure:4301: result: yes
configure:4301: checking for stdlib.h
configure:4301: gcc -std=gnu99 -c -g -O2  conftest.c >&5
configure:4301: $? = 0
configure:4301: result: yes
configure:4301: checking for string.h
configure:4301: gcc -std=gnu99 -c -g -O2  conftest.c >&5
configure:4301: $? = 0
configure:4301: result: yes
configure:4301: checking for memory.h
configure:4301: gcc -std=gnu99 -c -g -O2  conftest.c >&5
configure:4301: $? = 0
configure:4301: result: yes
configure:4301: checking for strings.h
configure:4301: gcc -std=gnu99 -c -g -O2  conftest.c >&5
configure:4301: $? = 0
configure:4301: result: yes
configure:4301: checking for inttypes.h
configure:4301: gcc -std=gnu99 -c -g -O2  conftest.c >&5
configure:4301: $? = 0
configure:4301: result: yes
configure:4301: checking for stdint.h
configure:4301: gcc -std=gnu99 -c -g -O2  conftest.c >&5
configure:4301: $? = 0
configure:4301: result: yes
configure:4301: checking for unistd.h
configure:4301: gcc -std=gnu99 -c -g -O2  conftest.c >&5
configure:4301: $? = 0
configure:4301: result: yes
configure:4317: checking whether __clang__ is declared
configure:4317: gcc -std=gnu99 -c -g -O2  conftest.c >&5
conftest.c: In function 'main':
conftest.c:61:10: error: '__clang__' undeclared (first use in this function)
   (void) __clang__;
          ^
conftest.c:61:10: note: each undeclared identifier is reported only once for each function it appears in
configure:4317: $? = 1
configure: failed program was:
| /* confdefs.h */
| #define PACKAGE_NAME "xf86-video-mali"
| #define PACKAGE_TARNAME "xf86-video-mali"
| #define PACKAGE_VERSION "0.4.2"
| #define PACKAGE_STRING "xf86-video-mali 0.4.2"
| #define PACKAGE_BUGREPORT "https://bugs.freedesktop.org/enter_bug.cgi?product=xorg"
| #define PACKAGE_URL ""
| #define PACKAGE "xf86-video-mali"
| #define VERSION "0.4.2"
| #define STDC_HEADERS 1
| #define HAVE_SYS_TYPES_H 1
| #define HAVE_SYS_STAT_H 1
| #define HAVE_STDLIB_H 1
| #define HAVE_STRING_H 1
| #define HAVE_MEMORY_H 1
| #define HAVE_STRINGS_H 1
| #define HAVE_INTTYPES_H 1
| #define HAVE_STDINT_H 1
| #define HAVE_UNISTD_H 1
| /* end confdefs.h.  */
| #include <stdio.h>
| #ifdef HAVE_SYS_TYPES_H
| # include <sys/types.h>
| #endif
| #ifdef HAVE_SYS_STAT_H
| # include <sys/stat.h>
| #endif
| #ifdef STDC_HEADERS
| # include <stdlib.h>
| # include <stddef.h>
| #else
| # ifdef HAVE_STDLIB_H
| #  include <stdlib.h>
| # endif
| #endif
| #ifdef HAVE_STRING_H
| # if !defined STDC_HEADERS && defined HAVE_MEMORY_H
| #  include <memory.h>
| # endif
| # include <string.h>
| #endif
| #ifdef HAVE_STRINGS_H
| # include <strings.h>
| #endif
| #ifdef HAVE_INTTYPES_H
| # include <inttypes.h>
| #endif
| #ifdef HAVE_STDINT_H
| # include <stdint.h>
| #endif
| #ifdef HAVE_UNISTD_H
| # include <unistd.h>
| #endif
| int
| main ()
| {
| #ifndef __clang__
| #ifdef __cplusplus
|   (void) __clang__;
| #else
|   (void) __clang__;
| #endif
| #endif
| 
|   ;
|   return 0;
| }
configure:4317: result: no
configure:4324: checking whether __INTEL_COMPILER is declared
configure:4324: gcc -std=gnu99 -c -g -O2  conftest.c >&5
conftest.c: In function 'main':
conftest.c:61:10: error: '__INTEL_COMPILER' undeclared (first use in this function)
   (void) __INTEL_COMPILER;
          ^
conftest.c:61:10: note: each undeclared identifier is reported only once for each function it appears in
configure:4324: $? = 1
configure: failed program was:
| /* confdefs.h */
| #define PACKAGE_NAME "xf86-video-mali"
| #define PACKAGE_TARNAME "xf86-video-mali"
| #define PACKAGE_VERSION "0.4.2"
| #define PACKAGE_STRING "xf86-video-mali 0.4.2"
| #define PACKAGE_BUGREPORT "https://bugs.freedesktop.org/enter_bug.cgi?product=xorg"
| #define PACKAGE_URL ""
| #define PACKAGE "xf86-video-mali"
| #define VERSION "0.4.2"
| #define STDC_HEADERS 1
| #define HAVE_SYS_TYPES_H 1
| #define HAVE_SYS_STAT_H 1
| #define HAVE_STDLIB_H 1
| #define HAVE_STRING_H 1
| #define HAVE_MEMORY_H 1
| #define HAVE_STRINGS_H 1
| #define HAVE_INTTYPES_H 1
| #define HAVE_STDINT_H 1
| #define HAVE_UNISTD_H 1
| /* end confdefs.h.  */
| #include <stdio.h>
| #ifdef HAVE_SYS_TYPES_H
| # include <sys/types.h>
| #endif
| #ifdef HAVE_SYS_STAT_H
| # include <sys/stat.h>
| #endif
| #ifdef STDC_HEADERS
| # include <stdlib.h>
| # include <stddef.h>
| #else
| # ifdef HAVE_STDLIB_H
| #  include <stdlib.h>
| # endif
| #endif
| #ifdef HAVE_STRING_H
| # if !defined STDC_HEADERS && defined HAVE_MEMORY_H
| #  include <memory.h>
| # endif
| # include <string.h>
| #endif
| #ifdef HAVE_STRINGS_H
| # include <strings.h>
| #endif
| #ifdef HAVE_INTTYPES_H
| # include <inttypes.h>
| #endif
| #ifdef HAVE_STDINT_H
| # include <stdint.h>
| #endif
| #ifdef HAVE_UNISTD_H
| # include <unistd.h>
| #endif
| int
| main ()
| {
| #ifndef __INTEL_COMPILER
| #ifdef __cplusplus
|   (void) __INTEL_COMPILER;
| #else
|   (void) __INTEL_COMPILER;
| #endif
| #endif
| 
|   ;
|   return 0;
| }
configure:4324: result: no
configure:4331: checking whether __SUNPRO_C is declared
configure:4331: gcc -std=gnu99 -c -g -O2  conftest.c >&5
conftest.c: In function 'main':
conftest.c:61:10: error: '__SUNPRO_C' undeclared (first use in this function)
   (void) __SUNPRO_C;
          ^
conftest.c:61:10: note: each undeclared identifier is reported only once for each function it appears in
configure:4331: $? = 1
configure: failed program was:
| /* confdefs.h */
| #define PACKAGE_NAME "xf86-video-mali"
| #define PACKAGE_TARNAME "xf86-video-mali"
| #define PACKAGE_VERSION "0.4.2"
| #define PACKAGE_STRING "xf86-video-mali 0.4.2"
| #define PACKAGE_BUGREPORT "https://bugs.freedesktop.org/enter_bug.cgi?product=xorg"
| #define PACKAGE_URL ""
| #define PACKAGE "xf86-video-mali"
| #define VERSION "0.4.2"
| #define STDC_HEADERS 1
| #define HAVE_SYS_TYPES_H 1
| #define HAVE_SYS_STAT_H 1
| #define HAVE_STDLIB_H 1
| #define HAVE_STRING_H 1
| #define HAVE_MEMORY_H 1
| #define HAVE_STRINGS_H 1
| #define HAVE_INTTYPES_H 1
| #define HAVE_STDINT_H 1
| #define HAVE_UNISTD_H 1
| /* end confdefs.h.  */
| #include <stdio.h>
| #ifdef HAVE_SYS_TYPES_H
| # include <sys/types.h>
| #endif
| #ifdef HAVE_SYS_STAT_H
| # include <sys/stat.h>
| #endif
| #ifdef STDC_HEADERS
| # include <stdlib.h>
| # include <stddef.h>
| #else
| # ifdef HAVE_STDLIB_H
| #  include <stdlib.h>
| # endif
| #endif
| #ifdef HAVE_STRING_H
| # if !defined STDC_HEADERS && defined HAVE_MEMORY_H
| #  include <memory.h>
| # endif
| # include <string.h>
| #endif
| #ifdef HAVE_STRINGS_H
| # include <strings.h>
| #endif
| #ifdef HAVE_INTTYPES_H
| # include <inttypes.h>
| #endif
| #ifdef HAVE_STDINT_H
| # include <stdint.h>
| #endif
| #ifdef HAVE_UNISTD_H
| # include <unistd.h>
| #endif
| int
| main ()
| {
| #ifndef __SUNPRO_C
| #ifdef __cplusplus
|   (void) __SUNPRO_C;
| #else
|   (void) __SUNPRO_C;
| #endif
| #endif
| 
|   ;
|   return 0;
| }
configure:4331: result: no
configure:4393: checking for pkg-config
configure:4411: found /usr/bin/pkg-config
configure:4423: result: /usr/bin/pkg-config
configure:4448: checking pkg-config is at least version 0.9.0
configure:4451: result: yes
configure:4463: checking build system type
configure:4477: result: armv7l-unknown-linux-gnueabihf
configure:4497: checking host system type
configure:4510: result: armv7l-unknown-linux-gnueabihf
configure:4530: checking for a sed that does not truncate output
configure:4594: result: /bin/sed
configure:4640: checking if gcc -std=gnu99 supports -Werror=unknown-warning-option
configure:4649: gcc -std=gnu99 -c -g -O2 -Werror=unknown-warning-option  conftest.c >&5
cc1: error: -Werror=unknown-warning-option: no option -Wunknown-warning-option
configure:4649: $? = 1
configure: failed program was:
| /* confdefs.h */
| #define PACKAGE_NAME "xf86-video-mali"
| #define PACKAGE_TARNAME "xf86-video-mali"
| #define PACKAGE_VERSION "0.4.2"
| #define PACKAGE_STRING "xf86-video-mali 0.4.2"
| #define PACKAGE_BUGREPORT "https://bugs.freedesktop.org/enter_bug.cgi?product=xorg"
| #define PACKAGE_URL ""
| #define PACKAGE "xf86-video-mali"
| #define VERSION "0.4.2"
| #define STDC_HEADERS 1
| #define HAVE_SYS_TYPES_H 1
| #define HAVE_SYS_STAT_H 1
| #define HAVE_STDLIB_H 1
| #define HAVE_STRING_H 1
| #define HAVE_MEMORY_H 1
| #define HAVE_STRINGS_H 1
| #define HAVE_INTTYPES_H 1
| #define HAVE_STDINT_H 1
| #define HAVE_UNISTD_H 1
| /* end confdefs.h.  */
| int i;
configure:4656: result: no
configure:4667: checking if gcc -std=gnu99 supports -Werror=unused-command-line-argument
configure:4676: gcc -std=gnu99 -c -g -O2 -Werror=unused-command-line-argument  conftest.c >&5
cc1: error: -Werror=unused-command-line-argument: no option -Wunused-command-line-argument
configure:4676: $? = 1
configure: failed program was:
| /* confdefs.h */
| #define PACKAGE_NAME "xf86-video-mali"
| #define PACKAGE_TARNAME "xf86-video-mali"
| #define PACKAGE_VERSION "0.4.2"
| #define PACKAGE_STRING "xf86-video-mali 0.4.2"
| #define PACKAGE_BUGREPORT "https://bugs.freedesktop.org/enter_bug.cgi?product=xorg"
| #define PACKAGE_URL ""
| #define PACKAGE "xf86-video-mali"
| #define VERSION "0.4.2"
| #define STDC_HEADERS 1
| #define HAVE_SYS_TYPES_H 1
| #define HAVE_SYS_STAT_H 1
| #define HAVE_STDLIB_H 1
| #define HAVE_STRING_H 1
| #define HAVE_MEMORY_H 1
| #define HAVE_STRINGS_H 1
| #define HAVE_INTTYPES_H 1
| #define HAVE_STDINT_H 1
| #define HAVE_UNISTD_H 1
| /* end confdefs.h.  */
| int i;
configure:4683: result: no
configure:4702: checking if gcc -std=gnu99 supports-Wall
configure:4719: gcc -std=gnu99 -o conftest -g -O2 -Wall  -L/usr/lib/arm-linux-gnueabihf/mali-egl conftest.c  >&5
configure:4719: $? = 0
configure:4732: result: yes
configure:4820: checking if gcc -std=gnu99 supports-Wpointer-arith
configure:4837: gcc -std=gnu99 -o conftest -g -O2 -Wpointer-arith  -L/usr/lib/arm-linux-gnueabihf/mali-egl conftest.c  >&5
configure:4837: $? = 0
configure:4850: result: yes
configure:4938: checking if gcc -std=gnu99 supports-Wmissing-declarations
configure:4955: gcc -std=gnu99 -o conftest -g -O2 -Wmissing-declarations  -L/usr/lib/arm-linux-gnueabihf/mali-egl conftest.c  >&5
configure:4955: $? = 0
configure:4968: result: yes
configure:5056: checking if gcc -std=gnu99 supports-Wformat=2
configure:5073: gcc -std=gnu99 -o conftest -g -O2 -Wformat=2  -L/usr/lib/arm-linux-gnueabihf/mali-egl conftest.c  >&5
configure:5073: $? = 0
configure:5086: result: yes
configure:5225: checking if gcc -std=gnu99 supports-Wstrict-prototypes
configure:5242: gcc -std=gnu99 -o conftest -g -O2 -Wstrict-prototypes  -L/usr/lib/arm-linux-gnueabihf/mali-egl conftest.c  >&5
conftest.c:23:1: warning: function declaration isn't a prototype [-Wstrict-prototypes]
 main ()
 ^
configure:5242: $? = 0
configure:5255: result: yes
configure:5343: checking if gcc -std=gnu99 supports-Wmissing-prototypes
configure:5360: gcc -std=gnu99 -o conftest -g -O2 -Wmissing-prototypes  -L/usr/lib/arm-linux-gnueabihf/mali-egl conftest.c  >&5
configure:5360: $? = 0
configure:5373: result: yes
configure:5461: checking if gcc -std=gnu99 supports-Wnested-externs
configure:5478: gcc -std=gnu99 -o conftest -g -O2 -Wnested-externs  -L/usr/lib/arm-linux-gnueabihf/mali-egl conftest.c  >&5
configure:5478: $? = 0
configure:5491: result: yes
configure:5579: checking if gcc -std=gnu99 supports-Wbad-function-cast
configure:5596: gcc -std=gnu99 -o conftest -g -O2 -Wbad-function-cast  -L/usr/lib/arm-linux-gnueabihf/mali-egl conftest.c  >&5
configure:5596: $? = 0
configure:5609: result: yes
configure:5697: checking if gcc -std=gnu99 supports-Wold-style-definition
configure:5714: gcc -std=gnu99 -o conftest -g -O2 -Wold-style-definition  -L/usr/lib/arm-linux-gnueabihf/mali-egl conftest.c  >&5
conftest.c: In function 'main':
conftest.c:23:1: warning: old-style function definition [-Wold-style-definition]
 main ()
 ^
configure:5714: $? = 0
configure:5727: result: yes
configure:5815: checking if gcc -std=gnu99 supports-Wdeclaration-after-statement
configure:5832: gcc -std=gnu99 -o conftest -g -O2 -Wdeclaration-after-statement  -L/usr/lib/arm-linux-gnueabihf/mali-egl conftest.c  >&5
configure:5832: $? = 0
configure:5845: result: yes
configure:5937: checking if gcc -std=gnu99 supports-Wunused
configure:5954: gcc -std=gnu99 -o conftest -g -O2 -Wunused  -L/usr/lib/arm-linux-gnueabihf/mali-egl conftest.c  >&5
configure:5954: $? = 0
configure:5967: result: yes
configure:6055: checking if gcc -std=gnu99 supports-Wuninitialized
configure:6072: gcc -std=gnu99 -o conftest -g -O2 -Wuninitialized  -L/usr/lib/arm-linux-gnueabihf/mali-egl conftest.c  >&5
configure:6072: $? = 0
configure:6085: result: yes
configure:6173: checking if gcc -std=gnu99 supports-Wshadow
configure:6190: gcc -std=gnu99 -o conftest -g -O2 -Wshadow  -L/usr/lib/arm-linux-gnueabihf/mali-egl conftest.c  >&5
configure:6190: $? = 0
configure:6203: result: yes
configure:6291: checking if gcc -std=gnu99 supports-Wcast-qual
configure:6308: gcc -std=gnu99 -o conftest -g -O2 -Wcast-qual  -L/usr/lib/arm-linux-gnueabihf/mali-egl conftest.c  >&5
configure:6308: $? = 0
configure:6321: result: yes
configure:6409: checking if gcc -std=gnu99 supports-Wmissing-noreturn
configure:6426: gcc -std=gnu99 -o conftest -g -O2 -Wmissing-noreturn  -L/usr/lib/arm-linux-gnueabihf/mali-egl conftest.c  >&5
configure:6426: $? = 0
configure:6439: result: yes
configure:6527: checking if gcc -std=gnu99 supports-Wmissing-format-attribute
configure:6544: gcc -std=gnu99 -o conftest -g -O2 -Wmissing-format-attribute  -L/usr/lib/arm-linux-gnueabihf/mali-egl conftest.c  >&5
configure:6544: $? = 0
configure:6557: result: yes
configure:6645: checking if gcc -std=gnu99 supports-Wredundant-decls
configure:6662: gcc -std=gnu99 -o conftest -g -O2 -Wredundant-decls  -L/usr/lib/arm-linux-gnueabihf/mali-egl conftest.c  >&5
configure:6662: $? = 0
configure:6675: result: yes
configure:6775: checking if gcc -std=gnu99 supports-Werror=implicit
configure:6792: gcc -std=gnu99 -o conftest -g -O2 -Werror=implicit  -L/usr/lib/arm-linux-gnueabihf/mali-egl conftest.c  >&5
configure:6792: $? = 0
configure:6805: result: yes
configure:6942: checking if gcc -std=gnu99 supports-Werror=nonnull
configure:6959: gcc -std=gnu99 -o conftest -g -O2 -Werror=nonnull  -L/usr/lib/arm-linux-gnueabihf/mali-egl conftest.c  >&5
configure:6959: $? = 0
configure:6972: result: yes
configure:7060: checking if gcc -std=gnu99 supports-Werror=init-self
configure:7077: gcc -std=gnu99 -o conftest -g -O2 -Werror=init-self  -L/usr/lib/arm-linux-gnueabihf/mali-egl conftest.c  >&5
configure:7077: $? = 0
configure:7090: result: yes
configure:7178: checking if gcc -std=gnu99 supports-Werror=main
configure:7195: gcc -std=gnu99 -o conftest -g -O2 -Werror=main  -L/usr/lib/arm-linux-gnueabihf/mali-egl conftest.c  >&5
configure:7195: $? = 0
configure:7208: result: yes
configure:7296: checking if gcc -std=gnu99 supports-Werror=missing-braces
configure:7313: gcc -std=gnu99 -o conftest -g -O2 -Werror=missing-braces  -L/usr/lib/arm-linux-gnueabihf/mali-egl conftest.c  >&5
configure:7313: $? = 0
configure:7326: result: yes
configure:7414: checking if gcc -std=gnu99 supports-Werror=sequence-point
configure:7431: gcc -std=gnu99 -o conftest -g -O2 -Werror=sequence-point  -L/usr/lib/arm-linux-gnueabihf/mali-egl conftest.c  >&5
configure:7431: $? = 0
configure:7444: result: yes
configure:7532: checking if gcc -std=gnu99 supports-Werror=return-type
configure:7549: gcc -std=gnu99 -o conftest -g -O2 -Werror=return-type  -L/usr/lib/arm-linux-gnueabihf/mali-egl conftest.c  >&5
configure:7549: $? = 0
configure:7562: result: yes
configure:7699: checking if gcc -std=gnu99 supports-Werror=trigraphs
configure:7716: gcc -std=gnu99 -o conftest -g -O2 -Werror=trigraphs  -L/usr/lib/arm-linux-gnueabihf/mali-egl conftest.c  >&5
configure:7716: $? = 0
configure:7729: result: yes
configure:7817: checking if gcc -std=gnu99 supports-Werror=array-bounds
configure:7834: gcc -std=gnu99 -o conftest -g -O2 -Werror=array-bounds  -L/usr/lib/arm-linux-gnueabihf/mali-egl conftest.c  >&5
configure:7834: $? = 0
configure:7847: result: yes
configure:7935: checking if gcc -std=gnu99 supports-Werror=write-strings
configure:7952: gcc -std=gnu99 -o conftest -g -O2 -Werror=write-strings  -L/usr/lib/arm-linux-gnueabihf/mali-egl conftest.c  >&5
configure:7952: $? = 0
configure:7965: result: yes
configure:8053: checking if gcc -std=gnu99 supports-Werror=address
configure:8070: gcc -std=gnu99 -o conftest -g -O2 -Werror=address  -L/usr/lib/arm-linux-gnueabihf/mali-egl conftest.c  >&5
configure:8070: $? = 0
configure:8083: result: yes
configure:8171: checking if gcc -std=gnu99 supports-Werror=int-to-pointer-cast
configure:8188: gcc -std=gnu99 -o conftest -g -O2 -Werror=int-to-pointer-cast  -L/usr/lib/arm-linux-gnueabihf/mali-egl conftest.c  >&5
configure:8188: $? = 0
configure:8201: result: yes
configure:8338: checking if gcc -std=gnu99 supports-Werror=pointer-to-int-cast
configure:8355: gcc -std=gnu99 -o conftest -g -O2 -Werror=pointer-to-int-cast  -L/usr/lib/arm-linux-gnueabihf/mali-egl conftest.c  >&5
configure:8355: $? = 0
configure:8368: result: yes
configure:10026: checking if gcc -std=gnu99 supports-pedantic
configure:10043: gcc -std=gnu99 -o conftest -g -O2 -pedantic  -L/usr/lib/arm-linux-gnueabihf/mali-egl conftest.c  >&5
configure:10043: $? = 0
configure:10056: result: yes
configure:10144: checking if gcc -std=gnu99 supports-Werror
configure:10161: gcc -std=gnu99 -o conftest -g -O2 -Werror  -L/usr/lib/arm-linux-gnueabihf/mali-egl conftest.c  >&5
configure:10161: $? = 0
configure:10174: result: yes
configure:10314: checking if gcc -std=gnu99 supports-Werror=attributes
configure:10331: gcc -std=gnu99 -o conftest -g -O2 -Werror=attributes  -L/usr/lib/arm-linux-gnueabihf/mali-egl conftest.c  >&5
configure:10331: $? = 0
configure:10344: result: yes
configure:10504: checking whether make supports nested variables
configure:10521: result: yes
configure:10612: checking how to print strings
configure:10639: result: printf
configure:10660: checking for a sed that does not truncate output
configure:10724: result: /bin/sed
configure:10742: checking for fgrep
configure:10804: result: /bin/grep -F
configure:10839: checking for ld used by gcc -std=gnu99
configure:10906: result: /usr/bin/ld
configure:10913: checking if the linker (/usr/bin/ld) is GNU ld
configure:10928: result: yes
configure:10940: checking for BSD- or MS-compatible name lister (nm)
configure:10989: result: /usr/bin/nm -B
configure:11119: checking the name lister (/usr/bin/nm -B) interface
configure:11126: gcc -std=gnu99 -c -g -O2  conftest.c >&5
configure:11129: /usr/bin/nm -B "conftest.o"
configure:11132: output
00000000 B some_variable
configure:11139: result: BSD nm
configure:11142: checking whether ln -s works
configure:11146: result: yes
configure:11154: checking the maximum length of command line arguments
configure:11284: result: 1572864
configure:11301: checking whether the shell understands some XSI constructs
configure:11311: result: yes
configure:11315: checking whether the shell understands "+="
configure:11321: result: yes
configure:11356: checking how to convert armv7l-unknown-linux-gnueabihf file names to armv7l-unknown-linux-gnueabihf format
configure:11396: result: func_convert_file_noop
configure:11403: checking how to convert armv7l-unknown-linux-gnueabihf file names to toolchain format
configure:11423: result: func_convert_file_noop
configure:11430: checking for /usr/bin/ld option to reload object files
configure:11437: result: -r
configure:11511: checking for objdump
configure:11527: found /usr/bin/objdump
configure:11538: result: objdump
configure:11570: checking how to recognize dependent libraries
configure:11772: result: pass_all
configure:11857: checking for dlltool
configure:11887: result: no
configure:11917: checking how to associate runtime and link libraries
configure:11944: result: printf %s\n
configure:12004: checking for ar
configure:12020: found /usr/bin/ar
configure:12031: result: ar
configure:12068: checking for archiver @FILE support
configure:12085: gcc -std=gnu99 -c -g -O2  conftest.c >&5
configure:12085: $? = 0
configure:12088: ar cru libconftest.a @conftest.lst >&5
configure:12091: $? = 0
configure:12096: ar cru libconftest.a @conftest.lst >&5
ar: conftest.o: No such file or directory
configure:12099: $? = 1
configure:12111: result: @
configure:12169: checking for strip
configure:12185: found /usr/bin/strip
configure:12196: result: strip
configure:12268: checking for ranlib
configure:12284: found /usr/bin/ranlib
configure:12295: result: ranlib
configure:12397: checking command to parse /usr/bin/nm -B output from gcc -std=gnu99 object
configure:12517: gcc -std=gnu99 -c -g -O2  conftest.c >&5
configure:12520: $? = 0
configure:12524: /usr/bin/nm -B conftest.o \| sed -n -e 's/^.*[ ]\([ABCDGIRSTW][ABCDGIRSTW]*\)[ ][ ]*\([_A-Za-z][_A-Za-z0-9]*\)$/\1 \2 \2/p' | sed '/ __gnu_lto/d' \> conftest.nm
configure:12527: $? = 0
configure:12593: gcc -std=gnu99 -o conftest -g -O2  -L/usr/lib/arm-linux-gnueabihf/mali-egl conftest.c conftstm.o >&5
configure:12596: $? = 0
configure:12634: result: ok
configure:12671: checking for sysroot
configure:12701: result: no
configure:12957: checking for mt
configure:12973: found /bin/mt
configure:12984: result: mt
configure:13007: checking if mt is a manifest tool
configure:13013: mt '-?'
configure:13021: result: no
configure:13660: checking for dlfcn.h
configure:13660: gcc -std=gnu99 -c -g -O2  conftest.c >&5
configure:13660: $? = 0
configure:13660: result: yes
configure:13836: checking for objdir
configure:13851: result: .libs
configure:14118: checking if gcc -std=gnu99 supports -fno-rtti -fno-exceptions
configure:14136: gcc -std=gnu99 -c -g -O2  -fno-rtti -fno-exceptions conftest.c >&5
cc1: warning: command line option '-fno-rtti' is valid for C++/ObjC++ but not for C [enabled by default]
configure:14140: $? = 0
configure:14153: result: no
configure:14480: checking for gcc -std=gnu99 option to produce PIC
configure:14487: result: -fPIC -DPIC
configure:14495: checking if gcc -std=gnu99 PIC flag -fPIC -DPIC works
configure:14513: gcc -std=gnu99 -c -g -O2  -fPIC -DPIC -DPIC conftest.c >&5
configure:14517: $? = 0
configure:14530: result: yes
configure:14559: checking if gcc -std=gnu99 static flag -static works
configure:14587: result: yes
configure:14602: checking if gcc -std=gnu99 supports -c -o file.o
configure:14623: gcc -std=gnu99 -c -g -O2  -o out/conftest2.o conftest.c >&5
configure:14627: $? = 0
configure:14649: result: yes
configure:14657: checking if gcc -std=gnu99 supports -c -o file.o
configure:14704: result: yes
configure:14737: checking whether the gcc -std=gnu99 linker (/usr/bin/ld) supports shared libraries
configure:15894: result: yes
configure:15931: checking whether -lc should be explicitly linked in
configure:15939: gcc -std=gnu99 -c -g -O2  conftest.c >&5
configure:15942: $? = 0
configure:15957: gcc -std=gnu99 -shared  -fPIC -DPIC conftest.o  -v -Wl,-soname -Wl,conftest -o conftest 2\>\&1 \| /bin/grep  -lc  \>/dev/null 2\>\&1
configure:15960: $? = 0
configure:15974: result: no
configure:16134: checking dynamic linker characteristics
configure:16645: gcc -std=gnu99 -o conftest -g -O2  -L/usr/lib/arm-linux-gnueabihf/mali-egl -Wl,-rpath -Wl,/foo conftest.c  >&5
configure:16645: $? = 0
configure:16879: result: GNU/Linux ld.so
configure:16986: checking how to hardcode library paths into programs
configure:17011: result: immediate
configure:17551: checking whether stripping libraries is possible
configure:17556: result: yes
configure:17591: checking if libtool supports shared libraries
configure:17593: result: yes
configure:17596: checking whether to build shared libraries
configure:17617: result: yes
configure:17620: checking whether to build static libraries
configure:17624: result: no
configure:17702: gcc -std=gnu99 -c -g -O2 -I/usr/include/xorg  conftest.c >&5
configure:17702: $? = 0
configure:17709: checking if RANDR is defined
configure:17711: result: yes
configure:17737: gcc -std=gnu99 -c -g -O2 -I/usr/include/xorg  conftest.c >&5
configure:17737: $? = 0
configure:17744: checking if RENDER is defined
configure:17746: result: yes
configure:17772: gcc -std=gnu99 -c -g -O2 -I/usr/include/xorg  conftest.c >&5
configure:17772: $? = 0
configure:17779: checking if XV is defined
configure:17781: result: yes
configure:17791: checking for XORG
configure:17798: $PKG_CONFIG --exists --print-errors "xorg-server >= 1.0.99.901 xproto fontsproto $REQUIRED_MODULES"
configure:17801: $? = 0
configure:17815: $PKG_CONFIG --exists --print-errors "xorg-server >= 1.0.99.901 xproto fontsproto $REQUIRED_MODULES"
configure:17818: $? = 0
configure:17876: result: yes
configure:17883: checking whether xf86ConfigIsaEntity is declared
configure:17883: gcc -std=gnu99 -c -pthread -fvisibility=hidden -I/usr/include/pixman-1 -I/usr/include/mirclient -I/usr/include/libdrm -I/usr/include/mircommon -I/usr/include/xorg -I/usr/include/X11/dri    conftest.c >&5
conftest.c: In function 'main':
conftest.c:35:10: error: 'xf86ConfigIsaEntity' undeclared (first use in this function)
   (void) xf86ConfigIsaEntity;
          ^
conftest.c:35:10: note: each undeclared identifier is reported only once for each function it appears in
configure:17883: $? = 1
configure: failed program was:
| /* confdefs.h */
| #define PACKAGE_NAME "xf86-video-mali"
| #define PACKAGE_TARNAME "xf86-video-mali"
| #define PACKAGE_VERSION "0.4.2"
| #define PACKAGE_STRING "xf86-video-mali 0.4.2"
| #define PACKAGE_BUGREPORT "https://bugs.freedesktop.org/enter_bug.cgi?product=xorg"
| #define PACKAGE_URL ""
| #define PACKAGE "xf86-video-mali"
| #define VERSION "0.4.2"
| #define STDC_HEADERS 1
| #define HAVE_SYS_TYPES_H 1
| #define HAVE_SYS_STAT_H 1
| #define HAVE_STDLIB_H 1
| #define HAVE_STRING_H 1
| #define HAVE_MEMORY_H 1
| #define HAVE_STRINGS_H 1
| #define HAVE_INTTYPES_H 1
| #define HAVE_STDINT_H 1
| #define HAVE_UNISTD_H 1
| #define PACKAGE_VERSION_MAJOR 0
| #define PACKAGE_VERSION_MINOR 4
| #define PACKAGE_VERSION_PATCHLEVEL 2
| #define HAVE_DLFCN_H 1
| #define LT_OBJDIR ".libs/"
| /* end confdefs.h.  */
| #include "xf86.h"
| 
| int
| main ()
| {
| #ifndef xf86ConfigIsaEntity
| #ifdef __cplusplus
|   (void) xf86ConfigIsaEntity;
| #else
|   (void) xf86ConfigIsaEntity;
| #endif
| #endif
| 
|   ;
|   return 0;
| }
configure:17883: result: no
configure:18147: creating ./config.status

## ---------------------- ##
## Running config.status. ##
## ---------------------- ##

This file was extended by xf86-video-mali config.status 0.4.2, which was
generated by GNU Autoconf 2.68.  Invocation command line was

  CONFIG_FILES    = 
  CONFIG_HEADERS  = 
  CONFIG_LINKS    = 
  CONFIG_COMMANDS = 
  $ ./config.status 

on odroid

config.status:1141: creating Makefile
config.status:1141: creating src/Makefile
config.status:1141: creating config.h
config.status:1322: config.h is unchanged
config.status:1370: executing depfiles commands
config.status:1370: executing libtool commands

## ---------------- ##
## Cache variables. ##
## ---------------- ##

ac_cv_build=armv7l-unknown-linux-gnueabihf
ac_cv_c_compiler_gnu=yes
ac_cv_env_CC_set=
ac_cv_env_CC_value=
ac_cv_env_CFLAGS_set=
ac_cv_env_CFLAGS_value=
ac_cv_env_CPPFLAGS_set=
ac_cv_env_CPPFLAGS_value=
ac_cv_env_CPP_set=
ac_cv_env_CPP_value=
ac_cv_env_LDFLAGS_set=set
ac_cv_env_LDFLAGS_value=-L/usr/lib/arm-linux-gnueabihf/mali-egl
ac_cv_env_LIBS_set=
ac_cv_env_LIBS_value=
ac_cv_env_PCIACCESS_CFLAGS_set=
ac_cv_env_PCIACCESS_CFLAGS_value=
ac_cv_env_PCIACCESS_LIBS_set=
ac_cv_env_PCIACCESS_LIBS_value=
ac_cv_env_PKG_CONFIG_LIBDIR_set=
ac_cv_env_PKG_CONFIG_LIBDIR_value=
ac_cv_env_PKG_CONFIG_PATH_set=
ac_cv_env_PKG_CONFIG_PATH_value=
ac_cv_env_PKG_CONFIG_set=
ac_cv_env_PKG_CONFIG_value=
ac_cv_env_XORG_CFLAGS_set=
ac_cv_env_XORG_CFLAGS_value=
ac_cv_env_XORG_LIBS_set=
ac_cv_env_XORG_LIBS_value=
ac_cv_env_build_alias_set=
ac_cv_env_build_alias_value=
ac_cv_env_host_alias_set=
ac_cv_env_host_alias_value=
ac_cv_env_target_alias_set=
ac_cv_env_target_alias_value=
ac_cv_have_decl___INTEL_COMPILER=no
ac_cv_have_decl___SUNPRO_C=no
ac_cv_have_decl___clang__=no
ac_cv_have_decl_xf86ConfigIsaEntity=no
ac_cv_header_dlfcn_h=yes
ac_cv_header_inttypes_h=yes
ac_cv_header_memory_h=yes
ac_cv_header_stdc=yes
ac_cv_header_stdint_h=yes
ac_cv_header_stdlib_h=yes
ac_cv_header_string_h=yes
ac_cv_header_strings_h=yes
ac_cv_header_sys_stat_h=yes
ac_cv_header_sys_types_h=yes
ac_cv_header_unistd_h=yes
ac_cv_host=armv7l-unknown-linux-gnueabihf
ac_cv_objext=o
ac_cv_path_EGREP='/bin/grep -E'
ac_cv_path_FGREP='/bin/grep -F'
ac_cv_path_GREP=/bin/grep
ac_cv_path_SED=/bin/sed
ac_cv_path_ac_pt_PKG_CONFIG=/usr/bin/pkg-config
ac_cv_path_install='/usr/bin/install -c'
ac_cv_path_mkdir=/bin/mkdir
ac_cv_prog_AWK=gawk
ac_cv_prog_CPP='gcc -std=gnu99 -E'
ac_cv_prog_ac_ct_AR=ar
ac_cv_prog_ac_ct_CC=gcc
ac_cv_prog_ac_ct_MANIFEST_TOOL=mt
ac_cv_prog_ac_ct_OBJDUMP=objdump
ac_cv_prog_ac_ct_RANLIB=ranlib
ac_cv_prog_ac_ct_STRIP=strip
ac_cv_prog_cc_c89=
ac_cv_prog_cc_c99=-std=gnu99
ac_cv_prog_cc_g=yes
ac_cv_prog_make_make_set=yes
am_cv_CC_dependencies_compiler_type=gcc3
am_cv_make_support_nested_variables=yes
lt_cv_ar_at_file=@
lt_cv_archive_cmds_need_lc=no
lt_cv_deplibs_check_method=pass_all
lt_cv_file_magic_cmd='$MAGIC_CMD'
lt_cv_file_magic_test_file=
lt_cv_ld_reload_flag=-r
lt_cv_nm_interface='BSD nm'
lt_cv_objdir=.libs
lt_cv_path_LD=/usr/bin/ld
lt_cv_path_NM='/usr/bin/nm -B'
lt_cv_path_mainfest_tool=no
lt_cv_prog_compiler_c_o=yes
lt_cv_prog_compiler_pic='-fPIC -DPIC'
lt_cv_prog_compiler_pic_works=yes
lt_cv_prog_compiler_rtti_exceptions=no
lt_cv_prog_compiler_static_works=yes
lt_cv_prog_gnu_ld=yes
lt_cv_sharedlib_from_linklib_cmd='printf %s\n'
lt_cv_shlibpath_overrides_runpath=no
lt_cv_sys_global_symbol_pipe='sed -n -e '\''s/^.*[	 ]\([ABCDGIRSTW][ABCDGIRSTW]*\)[	 ][	 ]*\([_A-Za-z][_A-Za-z0-9]*\)$/\1 \2 \2/p'\'' | sed '\''/ __gnu_lto/d'\'''
lt_cv_sys_global_symbol_to_c_name_address='sed -n -e '\''s/^: \([^ ]*\)[ ]*$/  {\"\1\", (void *) 0},/p'\'' -e '\''s/^[ABCDGIRSTW]* \([^ ]*\) \([^ ]*\)$/  {"\2", (void *) \&\2},/p'\'''
lt_cv_sys_global_symbol_to_c_name_address_lib_prefix='sed -n -e '\''s/^: \([^ ]*\)[ ]*$/  {\"\1\", (void *) 0},/p'\'' -e '\''s/^[ABCDGIRSTW]* \([^ ]*\) \(lib[^ ]*\)$/  {"\2", (void *) \&\2},/p'\'' -e '\''s/^[ABCDGIRSTW]* \([^ ]*\) \([^ ]*\)$/  {"lib\2", (void *) \&\2},/p'\'''
lt_cv_sys_global_symbol_to_cdecl='sed -n -e '\''s/^T .* \(.*\)$/extern int \1();/p'\'' -e '\''s/^[ABCDGIRSTW]* .* \(.*\)$/extern char \1;/p'\'''
lt_cv_sys_max_cmd_len=1572864
lt_cv_to_host_file_cmd=func_convert_file_noop
lt_cv_to_tool_file_cmd=func_convert_file_noop
pkg_cv_XORG_CFLAGS='-pthread -fvisibility=hidden -I/usr/include/pixman-1 -I/usr/include/mirclient -I/usr/include/libdrm -I/usr/include/mircommon -I/usr/include/xorg -I/usr/include/X11/dri  '
pkg_cv_XORG_LIBS=' '
xorg_cv_cc_flag__Wall=yes
xorg_cv_cc_flag__Wbad_function_cast=yes
xorg_cv_cc_flag__Wcast_qual=yes
xorg_cv_cc_flag__Wdeclaration_after_statement=yes
xorg_cv_cc_flag__Werror=yes
xorg_cv_cc_flag__Werror_address=yes
xorg_cv_cc_flag__Werror_array_bounds=yes
xorg_cv_cc_flag__Werror_attributes=yes
xorg_cv_cc_flag__Werror_implicit=yes
xorg_cv_cc_flag__Werror_init_self=yes
xorg_cv_cc_flag__Werror_int_to_pointer_cast=yes
xorg_cv_cc_flag__Werror_main=yes
xorg_cv_cc_flag__Werror_missing_braces=yes
xorg_cv_cc_flag__Werror_nonnull=yes
xorg_cv_cc_flag__Werror_pointer_to_int_cast=yes
xorg_cv_cc_flag__Werror_return_type=yes
xorg_cv_cc_flag__Werror_sequence_point=yes
xorg_cv_cc_flag__Werror_trigraphs=yes
xorg_cv_cc_flag__Werror_write_strings=yes
xorg_cv_cc_flag__Wformat_2=yes
xorg_cv_cc_flag__Wmissing_declarations=yes
xorg_cv_cc_flag__Wmissing_format_attribute=yes
xorg_cv_cc_flag__Wmissing_noreturn=yes
xorg_cv_cc_flag__Wmissing_prototypes=yes
xorg_cv_cc_flag__Wnested_externs=yes
xorg_cv_cc_flag__Wold_style_definition=yes
xorg_cv_cc_flag__Wpointer_arith=yes
xorg_cv_cc_flag__Wredundant_decls=yes
xorg_cv_cc_flag__Wshadow=yes
xorg_cv_cc_flag__Wstrict_prototypes=yes
xorg_cv_cc_flag__Wuninitialized=yes
xorg_cv_cc_flag__Wunused=yes
xorg_cv_cc_flag__pedantic=yes
xorg_cv_cc_flag_unknown_warning_option=no
xorg_cv_cc_flag_unused_command_line_argument=no

## ----------------- ##
## Output variables. ##
## ----------------- ##

ACLOCAL='${SHELL} /root/maliddx-amlogic/missing --run aclocal-1.11'
ADMIN_MAN_DIR='$(mandir)/man$(ADMIN_MAN_SUFFIX)'
ADMIN_MAN_SUFFIX='8'
AMDEPBACKSLASH='\'
AMDEP_FALSE='#'
AMDEP_TRUE=''
AMTAR='$${TAR-tar}'
AM_BACKSLASH='\'
AM_DEFAULT_V='$(AM_DEFAULT_VERBOSITY)'
AM_DEFAULT_VERBOSITY='0'
AM_V='$(V)'
APP_MAN_DIR='$(mandir)/man$(APP_MAN_SUFFIX)'
APP_MAN_SUFFIX='1'
AR='ar'
AUTOCONF='${SHELL} /root/maliddx-amlogic/missing --run autoconf'
AUTOHEADER='${SHELL} /root/maliddx-amlogic/missing --run autoheader'
AUTOMAKE='${SHELL} /root/maliddx-amlogic/missing --run automake-1.11'
AWK='gawk'
BASE_CFLAGS=' -Wall -Wpointer-arith -Wmissing-declarations -Wformat=2 -Wstrict-prototypes -Wmissing-prototypes -Wnested-externs -Wbad-function-cast -Wold-style-definition -Wdeclaration-after-statement -Wunused -Wuninitialized -Wshadow -Wcast-qual -Wmissing-noreturn -Wmissing-format-attribute -Wredundant-decls -Werror=implicit -Werror=nonnull -Werror=init-self -Werror=main -Werror=missing-braces -Werror=sequence-point -Werror=return-type -Werror=trigraphs -Werror=array-bounds -Werror=write-strings -Werror=address -Werror=int-to-pointer-cast -Werror=pointer-to-int-cast'
CC='gcc -std=gnu99'
CCDEPMODE='depmode=gcc3'
CFLAGS='-g -O2'
CHANGELOG_CMD='(GIT_DIR=$(top_srcdir)/.git git log > $(top_srcdir)/.changelog.tmp && mv $(top_srcdir)/.changelog.tmp $(top_srcdir)/ChangeLog) || (rm -f $(top_srcdir)/.changelog.tmp; touch $(top_srcdir)/ChangeLog; echo '\''git directory not found: installing possibly empty changelog.'\'' >&2)'
CPP='gcc -std=gnu99 -E'
CPPFLAGS=''
CWARNFLAGS=' -Wall -Wpointer-arith -Wmissing-declarations -Wformat=2 -Wstrict-prototypes -Wmissing-prototypes -Wnested-externs -Wbad-function-cast -Wold-style-definition -Wdeclaration-after-statement -Wunused -Wuninitialized -Wshadow -Wcast-qual -Wmissing-noreturn -Wmissing-format-attribute -Wredundant-decls -Werror=implicit -Werror=nonnull -Werror=init-self -Werror=main -Werror=missing-braces -Werror=sequence-point -Werror=return-type -Werror=trigraphs -Werror=array-bounds -Werror=write-strings -Werror=address -Werror=int-to-pointer-cast -Werror=pointer-to-int-cast -fno-strict-aliasing'
CYGPATH_W='echo'
DEFS='-DHAVE_CONFIG_H'
DEPDIR='.deps'
DLLTOOL='false'
DRIVER_MAN_DIR='$(mandir)/man$(DRIVER_MAN_SUFFIX)'
DRIVER_MAN_SUFFIX='4'
DRIVER_NAME='mali'
DSYMUTIL=''
DUMPBIN=''
ECHO_C=''
ECHO_N='-n'
ECHO_T=''
EGREP='/bin/grep -E'
EXEEXT=''
FGREP='/bin/grep -F'
FILE_MAN_DIR='$(mandir)/man$(FILE_MAN_SUFFIX)'
FILE_MAN_SUFFIX='5'
GREP='/bin/grep'
INSTALL_CMD='(cp -f /usr/share/util-macros/INSTALL $(top_srcdir)/.INSTALL.tmp && mv $(top_srcdir)/.INSTALL.tmp $(top_srcdir)/INSTALL) || (rm -f $(top_srcdir)/.INSTALL.tmp; touch $(top_srcdir)/INSTALL; echo '\''util-macros "pkgdatadir" from xorg-macros.pc not found: installing possibly empty INSTALL.'\'' >&2)'
INSTALL_DATA='${INSTALL} -m 644'
INSTALL_PROGRAM='${INSTALL}'
INSTALL_SCRIPT='${INSTALL}'
INSTALL_STRIP_PROGRAM='$(install_sh) -c -s'
LD='/usr/bin/ld'
LDFLAGS='-L/usr/lib/arm-linux-gnueabihf/mali-egl'
LIBOBJS=''
LIBS=''
LIBTOOL='$(SHELL) $(top_builddir)/libtool'
LIB_MAN_DIR='$(mandir)/man$(LIB_MAN_SUFFIX)'
LIB_MAN_SUFFIX='3'
LIPO=''
LN_S='ln -s'
LTLIBOBJS=''
MAINT='#'
MAINTAINER_MODE_FALSE=''
MAINTAINER_MODE_TRUE='#'
MAKEINFO='${SHELL} /root/maliddx-amlogic/missing --run makeinfo'
MANIFEST_TOOL=':'
MAN_SUBSTS='	-e '\''s|__vendorversion__|"$(PACKAGE_STRING)" "$(XORG_MAN_PAGE)"|'\'' 	-e '\''s|__xorgversion__|"$(PACKAGE_STRING)" "$(XORG_MAN_PAGE)"|'\'' 	-e '\''s|__xservername__|Xorg|g'\'' 	-e '\''s|__xconfigfile__|xorg.conf|g'\'' 	-e '\''s|__projectroot__|$(prefix)|g'\'' 	-e '\''s|__apploaddir__|$(appdefaultdir)|g'\'' 	-e '\''s|__appmansuffix__|$(APP_MAN_SUFFIX)|g'\'' 	-e '\''s|__drivermansuffix__|$(DRIVER_MAN_SUFFIX)|g'\'' 	-e '\''s|__adminmansuffix__|$(ADMIN_MAN_SUFFIX)|g'\'' 	-e '\''s|__libmansuffix__|$(LIB_MAN_SUFFIX)|g'\'' 	-e '\''s|__miscmansuffix__|$(MISC_MAN_SUFFIX)|g'\'' 	-e '\''s|__filemansuffix__|$(FILE_MAN_SUFFIX)|g'\'''
MISC_MAN_DIR='$(mandir)/man$(MISC_MAN_SUFFIX)'
MISC_MAN_SUFFIX='7'
MKDIR_P='/bin/mkdir -p'
NM='/usr/bin/nm -B'
NMEDIT=''
OBJDUMP='objdump'
OBJEXT='o'
OTOOL64=''
OTOOL=''
PACKAGE='xf86-video-mali'
PACKAGE_BUGREPORT='https://bugs.freedesktop.org/enter_bug.cgi?product=xorg'
PACKAGE_NAME='xf86-video-mali'
PACKAGE_STRING='xf86-video-mali 0.4.2'
PACKAGE_TARNAME='xf86-video-mali'
PACKAGE_URL=''
PACKAGE_VERSION='0.4.2'
PATH_SEPARATOR=':'
PCIACCESS_CFLAGS=''
PCIACCESS_FALSE=''
PCIACCESS_LIBS=''
PCIACCESS_TRUE='#'
PKG_CONFIG='/usr/bin/pkg-config'
PKG_CONFIG_LIBDIR=''
PKG_CONFIG_PATH=''
RANLIB='ranlib'
SED='/bin/sed'
SET_MAKE=''
SHELL='/bin/bash'
STRICT_CFLAGS=' -pedantic -Werror -Werror=attributes'
STRIP='strip'
VERSION='0.4.2'
XORG_CFLAGS='-pthread -fvisibility=hidden -I/usr/include/pixman-1 -I/usr/include/mirclient -I/usr/include/libdrm -I/usr/include/mircommon -I/usr/include/xorg -I/usr/include/X11/dri  '
XORG_LIBS=' '
XORG_MAN_PAGE='X Version 11'
ac_ct_AR='ar'
ac_ct_CC='gcc'
ac_ct_DUMPBIN=''
am__EXEEXT_FALSE=''
am__EXEEXT_TRUE='#'
am__fastdepCC_FALSE='#'
am__fastdepCC_TRUE=''
am__include='include'
am__isrc=''
am__leading_dot='.'
am__nodep='_no'
am__quote=''
am__tar='$${TAR-tar} chof - "$$tardir"'
am__untar='$${TAR-tar} xf -'
bindir='${exec_prefix}/bin'
build='armv7l-unknown-linux-gnueabihf'
build_alias=''
build_cpu='armv7l'
build_os='linux-gnueabihf'
build_vendor='unknown'
datadir='${datarootdir}'
datarootdir='${prefix}/share'
docdir='${datarootdir}/doc/${PACKAGE_TARNAME}'
dvidir='${docdir}'
exec_prefix='${prefix}'
host='armv7l-unknown-linux-gnueabihf'
host_alias=''
host_cpu='armv7l'
host_os='linux-gnueabihf'
host_vendor='unknown'
htmldir='${docdir}'
includedir='${prefix}/include'
infodir='${datarootdir}/info'
install_sh='${SHELL} /root/maliddx-amlogic/install-sh'
libdir='${exec_prefix}/lib'
libexecdir='${exec_prefix}/libexec'
localedir='${datarootdir}/locale'
localstatedir='${prefix}/var'
mandir='${datarootdir}/man'
mkdir_p='/bin/mkdir -p'
moduledir='${exec_prefix}/lib/xorg/modules'
oldincludedir='/usr/include'
pdfdir='${docdir}'
prefix='/usr'
program_transform_name='s,x,x,'
psdir='${docdir}'
sbindir='${exec_prefix}/sbin'
sharedstatedir='${prefix}/com'
sysconfdir='${prefix}/etc'
target_alias=''

## ----------- ##
## confdefs.h. ##
## ----------- ##

/* confdefs.h */
#define PACKAGE_NAME "xf86-video-mali"
#define PACKAGE_TARNAME "xf86-video-mali"
#define PACKAGE_VERSION "0.4.2"
#define PACKAGE_STRING "xf86-video-mali 0.4.2"
#define PACKAGE_BUGREPORT "https://bugs.freedesktop.org/enter_bug.cgi?product=xorg"
#define PACKAGE_URL ""
#define PACKAGE "xf86-video-mali"
#define VERSION "0.4.2"
#define STDC_HEADERS 1
#define HAVE_SYS_TYPES_H 1
#define HAVE_SYS_STAT_H 1
#define HAVE_STDLIB_H 1
#define HAVE_STRING_H 1
#define HAVE_MEMORY_H 1
#define HAVE_STRINGS_H 1
#define HAVE_INTTYPES_H 1
#define HAVE_STDINT_H 1
#define HAVE_UNISTD_H 1
#define PACKAGE_VERSION_MAJOR 0
#define PACKAGE_VERSION_MINOR 4
#define PACKAGE_VERSION_PATCHLEVEL 2
#define HAVE_DLFCN_H 1
#define LT_OBJDIR ".libs/"

configure: exit 0
